------------------ Start Logging Message ---------------
24/04/2017 15:21:57	ADAuthenicator	ListAllUser	ListAllUser 	
24/04/2017 15:21:57	ADAuthenicator	GetPrincipalContext	GetPrincipalContext : Development	
24/04/2017 15:21:57	ADAuthenicator	GetPrincipalContext	_adname, _adadmin, _adadminpwd : cwdcho3, ituser, ext82755	
24/04/2017 15:22:02	ADAuthenicator	GetPrincipalContext	Principal Context : cwdcho3.chunwo.local	
24/04/2017 15:22:02	ADAuthenicator	ListAllUser	New Context  	
24/04/2017 15:22:02	ADAuthenicator	ListAllUser	New UserPrincipal  	
24/04/2017 15:22:08	ADAuthenicator	ListAllUser	User Principal Searcher : 5530	
25/04/2017 17:42:58	ADAuthenicator	ListAllUser	ListAllUser 	
25/04/2017 17:42:58	ADAuthenicator	GetPrincipalContext	GetPrincipalContext : Development	
25/04/2017 17:42:58	ADAuthenicator	GetPrincipalContext	_adname, _adadmin, _adadminpwd : cwdcho3, ituser, ext82755	
25/04/2017 17:43:04	ADAuthenicator	GetPrincipalContext	Principal Context : cwdcho3.chunwo.local	
25/04/2017 17:43:04	ADAuthenicator	ListAllUser	New Context  	
25/04/2017 17:43:04	ADAuthenicator	ListAllUser	New UserPrincipal  	
25/04/2017 17:43:20	ADAuthenicator	ListAllUser	User Principal Searcher : 5533	
26/04/2017 17:04:56	ADAuthenicator	ListAllUser	ListAllUser 	
26/04/2017 17:04:56	ADAuthenicator	GetPrincipalContext	GetPrincipalContext : Development	
26/04/2017 17:04:56	ADAuthenicator	GetPrincipalContext	_adname, _adadmin, _adadminpwd : cwdcho3, ituser, ext82755	
26/04/2017 17:05:01	ADAuthenicator	GetPrincipalContext	Principal Context : cwdcho3.chunwo.local	
26/04/2017 17:05:01	ADAuthenicator	ListAllUser	New Context  	
26/04/2017 17:05:01	ADAuthenicator	ListAllUser	New UserPrincipal  	
26/04/2017 17:05:11	ADAuthenicator	ListAllUser	User Principal Searcher : 5533	
15/05/2017 15:17:37	ADAuthenicator	ListAllUser	ListAllUser 	
15/05/2017 15:17:37	ADAuthenicator	GetPrincipalContext	GetPrincipalContext : Development	
15/05/2017 15:17:37	ADAuthenicator	GetPrincipalContext	_adname, _adadmin, _adadminpwd : cwdcho3, ituser, ext82755	
15/05/2017 15:17:43	ADAuthenicator	GetPrincipalContext	Principal Context : cwdcho3.chunwo.local	
15/05/2017 15:17:43	ADAuthenicator	ListAllUser	New Context  	
15/05/2017 15:17:43	ADAuthenicator	ListAllUser	New UserPrincipal  	
15/05/2017 15:18:30	ADAuthenicator	ListAllUser	ListAllUser 	
15/05/2017 15:18:30	ADAuthenicator	GetPrincipalContext	GetPrincipalContext : Development	
15/05/2017 15:18:30	ADAuthenicator	GetPrincipalContext	_adname, _adadmin, _adadminpwd : cwdcho3, ituser, ext82755	
15/05/2017 15:18:35	ADAuthenicator	GetPrincipalContext	Principal Context : cwdcho3.chunwo.local	
15/05/2017 15:18:35	ADAuthenicator	ListAllUser	New Context  	
15/05/2017 15:18:35	ADAuthenicator	ListAllUser	New UserPrincipal  	
24/05/2017 12:17:52	ADAuthenicator	ListAllUser	ListAllUser 	
24/05/2017 12:17:52	ADAuthenicator	GetPrincipalContext	GetPrincipalContext : Development	
24/05/2017 12:17:52	ADAuthenicator	GetPrincipalContext	_adname, _adadmin, _adadminpwd : cwdcho3, ituser, ext82755	
24/05/2017 12:17:57	ADAuthenicator	GetPrincipalContext	Principal Context : cwdcho3.chunwo.local	
24/05/2017 12:17:57	ADAuthenicator	ListAllUser	New Context  	
24/05/2017 12:17:57	ADAuthenicator	ListAllUser	New UserPrincipal  	
24/05/2017 12:18:37	ADAuthenicator	ListAllUser	ListAllUser 	
24/05/2017 12:18:37	ADAuthenicator	GetPrincipalContext	GetPrincipalContext : Development	
24/05/2017 12:18:37	ADAuthenicator	GetPrincipalContext	_adname, _adadmin, _adadminpwd : cwdcho3, ituser, ext82755	
24/05/2017 12:18:37	ADAuthenicator	GetPrincipalContext	Principal Context : cwdcho3.chunwo.local	
24/05/2017 12:18:37	ADAuthenicator	ListAllUser	New Context  	
24/05/2017 12:18:37	ADAuthenicator	ListAllUser	New UserPrincipal  	
24/05/2017 12:20:54	ADAuthenicator	ListAllUser	ListAllUser 	
24/05/2017 12:20:54	ADAuthenicator	GetPrincipalContext	GetPrincipalContext : Development	
24/05/2017 12:20:54	ADAuthenicator	GetPrincipalContext	_adname, _adadmin, _adadminpwd : cwdcho3, ituser, ext82755	
24/05/2017 12:20:58	ADAuthenicator	GetPrincipalContext	Principal Context : cwdcho3.chunwo.local	
24/05/2017 12:20:58	ADAuthenicator	ListAllUser	New Context  	
24/05/2017 12:20:58	ADAuthenicator	ListAllUser	New UserPrincipal  	
24/05/2017 12:25:45	ADAuthenicator	ListAllUser	ListAllUser 	
24/05/2017 12:25:45	ADAuthenicator	GetPrincipalContext	GetPrincipalContext : Development	
24/05/2017 12:25:45	ADAuthenicator	GetPrincipalContext	_adname, _adadmin, _adadminpwd : cwdcho3, ituser, ext82755	
24/05/2017 12:25:51	ADAuthenicator	GetPrincipalContext	Principal Context : cwdcho3.chunwo.local	
24/05/2017 12:25:51	ADAuthenicator	ListAllUser	New Context  	
24/05/2017 12:25:51	ADAuthenicator	ListAllUser	New UserPrincipal  	
24/05/2017 12:29:49	ADAuthenicator	ListAllUser	ListAllUser 	
24/05/2017 12:29:49	ADAuthenicator	GetPrincipalContext	GetPrincipalContext : Development	
24/05/2017 12:29:49	ADAuthenicator	GetPrincipalContext	_adname, _adadmin, _adadminpwd : cwdcho3, ituser, ext82755	
24/05/2017 12:29:54	ADAuthenicator	GetPrincipalContext	Principal Context : cwdcho3.chunwo.local	
24/05/2017 12:29:54	ADAuthenicator	ListAllUser	New Context  	
24/05/2017 12:29:54	ADAuthenicator	ListAllUser	New UserPrincipal  	
24/05/2017 12:31:26	ADAuthenicator	ListAllUser	ListAllUser 	
24/05/2017 12:31:26	ADAuthenicator	GetPrincipalContext	GetPrincipalContext : Development	
24/05/2017 12:31:26	ADAuthenicator	GetPrincipalContext	_adname, _adadmin, _adadminpwd : cwdcho3, ituser, ext82755	
24/05/2017 12:31:31	ADAuthenicator	GetPrincipalContext	Principal Context : cwdcho3.chunwo.local	
24/05/2017 12:31:31	ADAuthenicator	ListAllUser	New Context  	
24/05/2017 12:31:31	ADAuthenicator	ListAllUser	New UserPrincipal  	
24/05/2017 12:33:02	ADAuthenicator	ListAllUser	ListAllUser 	
24/05/2017 12:33:02	ADAuthenicator	GetPrincipalContext	GetPrincipalContext : Development	
24/05/2017 12:33:02	ADAuthenicator	GetPrincipalContext	_adname, _adadmin, _adadminpwd : cwdcho3, ituser, ext82755	
24/05/2017 12:33:07	ADAuthenicator	GetPrincipalContext	Principal Context : cwdcho3.chunwo.local	
24/05/2017 12:33:07	ADAuthenicator	ListAllUser	New Context  	
24/05/2017 12:33:07	ADAuthenicator	ListAllUser	New UserPrincipal  	
24/05/2017 12:33:31	ADAuthenicator	ListAllUser	ListAllUser 	
24/05/2017 12:33:31	ADAuthenicator	GetPrincipalContext	GetPrincipalContext : Development	
24/05/2017 12:33:31	ADAuthenicator	GetPrincipalContext	_adname, _adadmin, _adadminpwd : cwdcho3, ituser, ext82755	
24/05/2017 12:33:31	ADAuthenicator	GetPrincipalContext	Principal Context : cwdcho3.chunwo.local	
24/05/2017 12:33:31	ADAuthenicator	ListAllUser	New Context  	
24/05/2017 12:33:31	ADAuthenicator	ListAllUser	New UserPrincipal  	
24/05/2017 12:36:29	ADAuthenicator	ListAllUser	ListAllUser 	
24/05/2017 12:36:29	ADAuthenicator	GetPrincipalContext	GetPrincipalContext : Development	
24/05/2017 12:36:29	ADAuthenicator	GetPrincipalContext	_adname, _adadmin, _adadminpwd : cwdcho3, ituser, ext82755	
24/05/2017 12:36:34	ADAuthenicator	GetPrincipalContext	Principal Context : cwdcho3.chunwo.local	
24/05/2017 12:36:34	ADAuthenicator	ListAllUser	New Context  	
24/05/2017 12:36:34	ADAuthenicator	ListAllUser	New UserPrincipal  	
31/05/2017 11:59:43	ADAuthenicator	ListAllUser	ListAllUser 	
31/05/2017 11:59:44	ADAuthenicator	GetPrincipalContext	GetPrincipalContext : Development	
31/05/2017 11:59:44	ADAuthenicator	GetPrincipalContext	_adname, _adadmin, _adadminpwd : cwdcho3, ituser, ext82755	
31/05/2017 11:59:48	ADAuthenicator	GetPrincipalContext	Principal Context : cwdcho3.chunwo.local	
31/05/2017 11:59:48	ADAuthenicator	ListAllUser	New Context  	
31/05/2017 11:59:48	ADAuthenicator	ListAllUser	New UserPrincipal  	
31/05/2017 12:23:20	ADAuthenicator	ListAllUser	ListAllUser 	
31/05/2017 12:23:20	ADAuthenicator	GetPrincipalContext	GetPrincipalContext : Development	
31/05/2017 12:23:20	ADAuthenicator	GetPrincipalContext	_adname, _adadmin, _adadminpwd : cwdcho3, ituser, ext82755	
31/05/2017 12:23:25	ADAuthenicator	GetPrincipalContext	Principal Context : cwdcho3.chunwo.local	
31/05/2017 12:23:25	ADAuthenicator	ListAllUser	New Context  	
31/05/2017 12:23:25	ADAuthenicator	ListAllUser	New UserPrincipal  	
31/05/2017 12:32:37	ADAuthenicator	ListAllUser	ListAllUser 	
31/05/2017 12:32:37	ADAuthenicator	GetPrincipalContext	GetPrincipalContext : Development	
31/05/2017 12:32:37	ADAuthenicator	GetPrincipalContext	_adname, _adadmin, _adadminpwd : cwdcho3, ituser, ext82755	
31/05/2017 12:32:42	ADAuthenicator	GetPrincipalContext	Principal Context : cwdcho3.chunwo.local	
31/05/2017 12:32:42	ADAuthenicator	ListAllUser	New Context  	
31/05/2017 12:32:42	ADAuthenicator	ListAllUser	New UserPrincipal  	
31/05/2017 13:45:08	ADAuthenicator	ListAllUser	ListAllUser 	
31/05/2017 13:45:08	ADAuthenicator	GetPrincipalContext	GetPrincipalContext : Development	
31/05/2017 13:45:08	ADAuthenicator	GetPrincipalContext	_adname, _adadmin, _adadminpwd : cwdcho3, ituser, ext82755	
31/05/2017 13:45:13	ADAuthenicator	GetPrincipalContext	Principal Context : cwdcho3.chunwo.local	
31/05/2017 13:45:13	ADAuthenicator	ListAllUser	New Context  	
31/05/2017 13:45:13	ADAuthenicator	ListAllUser	New UserPrincipal  	
31/05/2017 17:37:10	ADAuthenicator	ListAllUser	ListAllUser 	
31/05/2017 17:37:10	ADAuthenicator	GetPrincipalContext	GetPrincipalContext : Development	
31/05/2017 17:37:10	ADAuthenicator	GetPrincipalContext	_adname, _adadmin, _adadminpwd : cwdcho3, ituser, ext82755	
31/05/2017 17:37:15	ADAuthenicator	GetPrincipalContext	Principal Context : cwdcho3.chunwo.local	
31/05/2017 17:37:15	ADAuthenicator	ListAllUser	New Context  	
31/05/2017 17:37:15	ADAuthenicator	ListAllUser	New UserPrincipal  	
01/06/2017 17:37:10	ADAuthenicator	ListAllUser	ListAllUser 	
01/06/2017 17:37:10	ADAuthenicator	GetPrincipalContext	GetPrincipalContext : Development	
01/06/2017 17:37:10	ADAuthenicator	GetPrincipalContext	_adname, _adadmin, _adadminpwd : cwdcho3, ituser, ext82755	
01/06/2017 17:37:15	ADAuthenicator	GetPrincipalContext	Principal Context : cwdcho3.chunwo.local	
01/06/2017 17:37:15	ADAuthenicator	ListAllUser	New Context  	
01/06/2017 17:37:15	ADAuthenicator	ListAllUser	New UserPrincipal  	
02/06/2017 17:37:10	ADAuthenicator	ListAllUser	ListAllUser 	
02/06/2017 17:37:10	ADAuthenicator	GetPrincipalContext	GetPrincipalContext : Development	
02/06/2017 17:37:10	ADAuthenicator	GetPrincipalContext	_adname, _adadmin, _adadminpwd : cwdcho3, ituser, ext82755	
02/06/2017 17:37:15	ADAuthenicator	GetPrincipalContext	Principal Context : cwdcho3.chunwo.local	
02/06/2017 17:37:15	ADAuthenicator	ListAllUser	New Context  	
02/06/2017 17:37:15	ADAuthenicator	ListAllUser	New UserPrincipal  	
03/06/2017 17:37:10	ADAuthenicator	ListAllUser	ListAllUser 	
03/06/2017 17:37:10	ADAuthenicator	GetPrincipalContext	GetPrincipalContext : Development	
03/06/2017 17:37:10	ADAuthenicator	GetPrincipalContext	_adname, _adadmin, _adadminpwd : cwdcho3, ituser, ext82755	
03/06/2017 17:37:15	ADAuthenicator	GetPrincipalContext	Principal Context : cwdcho3.chunwo.local	
03/06/2017 17:37:15	ADAuthenicator	ListAllUser	New Context  	
03/06/2017 17:37:15	ADAuthenicator	ListAllUser	New UserPrincipal  	
05/06/2017 17:37:10	ADAuthenicator	ListAllUser	ListAllUser 	
05/06/2017 17:37:10	ADAuthenicator	GetPrincipalContext	GetPrincipalContext : Development	
05/06/2017 17:37:10	ADAuthenicator	GetPrincipalContext	_adname, _adadmin, _adadminpwd : cwdcho3, ituser, ext82755	
05/06/2017 17:37:15	ADAuthenicator	GetPrincipalContext	Principal Context : cwdcho3.chunwo.local	
05/06/2017 17:37:15	ADAuthenicator	ListAllUser	New Context  	
05/06/2017 17:37:15	ADAuthenicator	ListAllUser	New UserPrincipal  	
06/06/2017 17:37:10	ADAuthenicator	ListAllUser	ListAllUser 	
06/06/2017 17:37:10	ADAuthenicator	GetPrincipalContext	GetPrincipalContext : Development	
06/06/2017 17:37:10	ADAuthenicator	GetPrincipalContext	_adname, _adadmin, _adadminpwd : cwdcho3, ituser, ext82755	
06/06/2017 17:37:15	ADAuthenicator	GetPrincipalContext	Principal Context : cwdcho3.chunwo.local	
06/06/2017 17:37:15	ADAuthenicator	ListAllUser	New Context  	
06/06/2017 17:37:15	ADAuthenicator	ListAllUser	New UserPrincipal  	
07/06/2017 17:37:11	ADAuthenicator	ListAllUser	ListAllUser 	
07/06/2017 17:37:11	ADAuthenicator	GetPrincipalContext	GetPrincipalContext : Development	
07/06/2017 17:37:11	ADAuthenicator	GetPrincipalContext	_adname, _adadmin, _adadminpwd : cwdcho3, ituser, ext82755	
07/06/2017 17:37:23	ADAuthenicator	GetPrincipalContext	Principal Context : cwdcho3.chunwo.local	
07/06/2017 17:37:23	ADAuthenicator	ListAllUser	New Context  	
07/06/2017 17:37:23	ADAuthenicator	ListAllUser	New UserPrincipal  	
08/06/2017 17:37:12	ADAuthenicator	ListAllUser	ListAllUser 	
08/06/2017 17:37:12	ADAuthenicator	GetPrincipalContext	GetPrincipalContext : Development	
08/06/2017 17:37:12	ADAuthenicator	GetPrincipalContext	_adname, _adadmin, _adadminpwd : cwdcho3, ituser, ext82755	
08/06/2017 17:37:20	ADAuthenicator	GetPrincipalContext	Principal Context : cwdcho3.chunwo.local	
08/06/2017 17:37:20	ADAuthenicator	ListAllUser	New Context  	
08/06/2017 17:37:20	ADAuthenicator	ListAllUser	New UserPrincipal  	
09/06/2017 17:37:11	ADAuthenicator	ListAllUser	ListAllUser 	
09/06/2017 17:37:11	ADAuthenicator	GetPrincipalContext	GetPrincipalContext : Development	
09/06/2017 17:37:11	ADAuthenicator	GetPrincipalContext	_adname, _adadmin, _adadminpwd : cwdcho3, ituser, ext82755	
09/06/2017 17:37:18	ADAuthenicator	GetPrincipalContext	Principal Context : cwdcho3.chunwo.local	
09/06/2017 17:37:18	ADAuthenicator	ListAllUser	New Context  	
09/06/2017 17:37:18	ADAuthenicator	ListAllUser	New UserPrincipal  	
12/06/2017 17:37:12	ADAuthenicator	ListAllUser	ListAllUser 	
12/06/2017 17:37:12	ADAuthenicator	GetPrincipalContext	GetPrincipalContext : Development	
12/06/2017 17:37:12	ADAuthenicator	GetPrincipalContext	_adname, _adadmin, _adadminpwd : cwdcho3, ituser, ext82755	
12/06/2017 17:37:18	ADAuthenicator	GetPrincipalContext	Principal Context : cwdcho3.chunwo.local	
12/06/2017 17:37:18	ADAuthenicator	ListAllUser	New Context  	
12/06/2017 17:37:18	ADAuthenicator	ListAllUser	New UserPrincipal  	
13/06/2017 17:37:13	ADAuthenicator	ListAllUser	ListAllUser 	
13/06/2017 17:37:13	ADAuthenicator	GetPrincipalContext	GetPrincipalContext : Development	
13/06/2017 17:37:13	ADAuthenicator	GetPrincipalContext	_adname, _adadmin, _adadminpwd : cwdcho3, ituser, ext82755	
13/06/2017 17:37:20	ADAuthenicator	GetPrincipalContext	Principal Context : cwdcho3.chunwo.local	
13/06/2017 17:37:20	ADAuthenicator	ListAllUser	New Context  	
13/06/2017 17:37:20	ADAuthenicator	ListAllUser	New UserPrincipal  	
14/06/2017 17:37:13	ADAuthenicator	ListAllUser	ListAllUser 	
14/06/2017 17:37:13	ADAuthenicator	GetPrincipalContext	GetPrincipalContext : Development	
14/06/2017 17:37:13	ADAuthenicator	GetPrincipalContext	_adname, _adadmin, _adadminpwd : cwdcho3, ituser, ext82755	
14/06/2017 17:37:19	ADAuthenicator	GetPrincipalContext	Principal Context : cwdcho3.chunwo.local	
14/06/2017 17:37:19	ADAuthenicator	ListAllUser	New Context  	
14/06/2017 17:37:19	ADAuthenicator	ListAllUser	New UserPrincipal  	
15/06/2017 17:37:16	ADAuthenicator	ListAllUser	ListAllUser 	
15/06/2017 17:37:17	ADAuthenicator	GetPrincipalContext	GetPrincipalContext : Development	
15/06/2017 17:37:17	ADAuthenicator	GetPrincipalContext	_adname, _adadmin, _adadminpwd : cwdcho3, ituser, ext82755	
15/06/2017 17:37:23	ADAuthenicator	GetPrincipalContext	Principal Context : cwdcho3.chunwo.local	
15/06/2017 17:37:23	ADAuthenicator	ListAllUser	New Context  	
15/06/2017 17:37:23	ADAuthenicator	ListAllUser	New UserPrincipal  	
16/06/2017 17:37:13	ADAuthenicator	ListAllUser	ListAllUser 	
16/06/2017 17:37:13	ADAuthenicator	GetPrincipalContext	GetPrincipalContext : Development	
16/06/2017 17:37:13	ADAuthenicator	GetPrincipalContext	_adname, _adadmin, _adadminpwd : cwdcho3, ituser, ext82755	
16/06/2017 17:37:18	ADAuthenicator	GetPrincipalContext	Principal Context : cwdcho3.chunwo.local	
16/06/2017 17:37:18	ADAuthenicator	ListAllUser	New Context  	
16/06/2017 17:37:18	ADAuthenicator	ListAllUser	New UserPrincipal  	
17/06/2017 17:37:09	ADAuthenicator	ListAllUser	ListAllUser 	
17/06/2017 17:37:09	ADAuthenicator	GetPrincipalContext	GetPrincipalContext : Development	
17/06/2017 17:37:09	ADAuthenicator	GetPrincipalContext	_adname, _adadmin, _adadminpwd : cwdcho3, ituser, ext82755	
17/06/2017 17:37:15	ADAuthenicator	GetPrincipalContext	Principal Context : cwdcho3.chunwo.local	
17/06/2017 17:37:15	ADAuthenicator	ListAllUser	New Context  	
17/06/2017 17:37:15	ADAuthenicator	ListAllUser	New UserPrincipal  	
19/06/2017 17:37:14	ADAuthenicator	ListAllUser	ListAllUser 	
19/06/2017 17:37:14	ADAuthenicator	GetPrincipalContext	GetPrincipalContext : Development	
19/06/2017 17:37:14	ADAuthenicator	GetPrincipalContext	_adname, _adadmin, _adadminpwd : cwdcho3, ituser, ext82755	
19/06/2017 17:37:26	ADAuthenicator	GetPrincipalContext	Principal Context : cwdcho3.chunwo.local	
19/06/2017 17:37:26	ADAuthenicator	ListAllUser	New Context  	
19/06/2017 17:37:26	ADAuthenicator	ListAllUser	New UserPrincipal  	
20/06/2017 17:37:10	ADAuthenicator	ListAllUser	ListAllUser 	
20/06/2017 17:37:10	ADAuthenicator	GetPrincipalContext	GetPrincipalContext : Development	
20/06/2017 17:37:10	ADAuthenicator	GetPrincipalContext	_adname, _adadmin, _adadminpwd : cwdcho3, ituser, ext82755	
20/06/2017 17:37:15	ADAuthenicator	GetPrincipalContext	Principal Context : cwdcho3.chunwo.local	
20/06/2017 17:37:15	ADAuthenicator	ListAllUser	New Context  	
20/06/2017 17:37:15	ADAuthenicator	ListAllUser	New UserPrincipal  	
21/06/2017 17:37:11	ADAuthenicator	ListAllUser	ListAllUser 	
21/06/2017 17:37:11	ADAuthenicator	GetPrincipalContext	GetPrincipalContext : Development	
21/06/2017 17:37:11	ADAuthenicator	GetPrincipalContext	_adname, _adadmin, _adadminpwd : cwdcho3, ituser, ext82755	
21/06/2017 17:37:17	ADAuthenicator	GetPrincipalContext	Principal Context : cwdcho3.chunwo.local	
21/06/2017 17:37:17	ADAuthenicator	ListAllUser	New Context  	
21/06/2017 17:37:17	ADAuthenicator	ListAllUser	New UserPrincipal  	
22/06/2017 17:37:12	ADAuthenicator	ListAllUser	ListAllUser 	
22/06/2017 17:37:12	ADAuthenicator	GetPrincipalContext	GetPrincipalContext : Development	
22/06/2017 17:37:12	ADAuthenicator	GetPrincipalContext	_adname, _adadmin, _adadminpwd : cwdcho3, ituser, ext82755	
22/06/2017 17:37:21	ADAuthenicator	GetPrincipalContext	Principal Context : cwdcho3.chunwo.local	
22/06/2017 17:37:21	ADAuthenicator	ListAllUser	New Context  	
22/06/2017 17:37:21	ADAuthenicator	ListAllUser	New UserPrincipal  	
23/06/2017 17:37:12	ADAuthenicator	ListAllUser	ListAllUser 	
23/06/2017 17:37:12	ADAuthenicator	GetPrincipalContext	GetPrincipalContext : Development	
23/06/2017 17:37:12	ADAuthenicator	GetPrincipalContext	_adname, _adadmin, _adadminpwd : cwdcho3, ituser, ext82755	
23/06/2017 17:37:18	ADAuthenicator	GetPrincipalContext	Principal Context : cwdcho3.chunwo.local	
23/06/2017 17:37:18	ADAuthenicator	ListAllUser	New Context  	
23/06/2017 17:37:18	ADAuthenicator	ListAllUser	New UserPrincipal  	
24/06/2017 17:37:10	ADAuthenicator	ListAllUser	ListAllUser 	
24/06/2017 17:37:10	ADAuthenicator	GetPrincipalContext	GetPrincipalContext : Development	
24/06/2017 17:37:10	ADAuthenicator	GetPrincipalContext	_adname, _adadmin, _adadminpwd : cwdcho3, ituser, ext82755	
24/06/2017 17:37:15	ADAuthenicator	GetPrincipalContext	Principal Context : cwdcho3.chunwo.local	
24/06/2017 17:37:15	ADAuthenicator	ListAllUser	New Context  	
24/06/2017 17:37:15	ADAuthenicator	ListAllUser	New UserPrincipal  	
26/06/2017 17:37:12	ADAuthenicator	ListAllUser	ListAllUser 	
26/06/2017 17:37:12	ADAuthenicator	GetPrincipalContext	GetPrincipalContext : Development	
26/06/2017 17:37:12	ADAuthenicator	GetPrincipalContext	_adname, _adadmin, _adadminpwd : cwdcho3, ituser, ext82755	
26/06/2017 17:37:17	ADAuthenicator	GetPrincipalContext	Principal Context : cwdcho3.chunwo.local	
26/06/2017 17:37:17	ADAuthenicator	ListAllUser	New Context  	
26/06/2017 17:37:17	ADAuthenicator	ListAllUser	New UserPrincipal  	
27/06/2017 17:37:13	ADAuthenicator	ListAllUser	ListAllUser 	
27/06/2017 17:37:13	ADAuthenicator	GetPrincipalContext	GetPrincipalContext : Development	
27/06/2017 17:37:13	ADAuthenicator	GetPrincipalContext	_adname, _adadmin, _adadminpwd : cwdcho3, ituser, ext82755	
27/06/2017 17:37:19	ADAuthenicator	GetPrincipalContext	Principal Context : cwdcho3.chunwo.local	
27/06/2017 17:37:19	ADAuthenicator	ListAllUser	New Context  	
27/06/2017 17:37:19	ADAuthenicator	ListAllUser	New UserPrincipal  	
28/06/2017 17:37:11	ADAuthenicator	ListAllUser	ListAllUser 	
28/06/2017 17:37:11	ADAuthenicator	GetPrincipalContext	GetPrincipalContext : Development	
28/06/2017 17:37:11	ADAuthenicator	GetPrincipalContext	_adname, _adadmin, _adadminpwd : cwdcho3, ituser, ext82755	
28/06/2017 17:37:17	ADAuthenicator	GetPrincipalContext	Principal Context : cwdcho3.chunwo.local	
28/06/2017 17:37:17	ADAuthenicator	ListAllUser	New Context  	
28/06/2017 17:37:17	ADAuthenicator	ListAllUser	New UserPrincipal  	
29/06/2017 17:37:15	ADAuthenicator	ListAllUser	ListAllUser 	
29/06/2017 17:37:15	ADAuthenicator	GetPrincipalContext	GetPrincipalContext : Development	
29/06/2017 17:37:15	ADAuthenicator	GetPrincipalContext	_adname, _adadmin, _adadminpwd : cwdcho3, ituser, ext82755	
29/06/2017 17:37:22	ADAuthenicator	GetPrincipalContext	Principal Context : cwdcho3.chunwo.local	
29/06/2017 17:37:22	ADAuthenicator	ListAllUser	New Context  	
29/06/2017 17:37:22	ADAuthenicator	ListAllUser	New UserPrincipal  	
30/06/2017 17:37:21	ADAuthenicator	ListAllUser	ListAllUser 	
30/06/2017 17:37:21	ADAuthenicator	GetPrincipalContext	GetPrincipalContext : Development	
30/06/2017 17:37:21	ADAuthenicator	GetPrincipalContext	_adname, _adadmin, _adadminpwd : cwdcho3, ituser, ext82755	
30/06/2017 17:37:27	ADAuthenicator	GetPrincipalContext	Principal Context : cwdcho3.chunwo.local	
30/06/2017 17:37:27	ADAuthenicator	ListAllUser	New Context  	
30/06/2017 17:37:27	ADAuthenicator	ListAllUser	New UserPrincipal  	
01/07/2017 17:37:09	ADAuthenicator	ListAllUser	ListAllUser 	
01/07/2017 17:37:09	ADAuthenicator	GetPrincipalContext	GetPrincipalContext : Development	
01/07/2017 17:37:09	ADAuthenicator	GetPrincipalContext	_adname, _adadmin, _adadminpwd : cwdcho3, ituser, ext82755	
01/07/2017 17:37:15	ADAuthenicator	GetPrincipalContext	Principal Context : cwdcho3.chunwo.local	
01/07/2017 17:37:15	ADAuthenicator	ListAllUser	New Context  	
01/07/2017 17:37:15	ADAuthenicator	ListAllUser	New UserPrincipal  	
04/07/2017 17:37:11	ADAuthenicator	ListAllUser	ListAllUser 	
04/07/2017 17:37:11	ADAuthenicator	GetPrincipalContext	GetPrincipalContext : Development	
04/07/2017 17:37:11	ADAuthenicator	GetPrincipalContext	_adname, _adadmin, _adadminpwd : cwdcho3, ituser, ext82755	
04/07/2017 17:37:17	ADAuthenicator	GetPrincipalContext	Principal Context : cwdcho3.chunwo.local	
04/07/2017 17:37:17	ADAuthenicator	ListAllUser	New Context  	
04/07/2017 17:37:17	ADAuthenicator	ListAllUser	New UserPrincipal  	
05/07/2017 17:37:13	ADAuthenicator	ListAllUser	ListAllUser 	
05/07/2017 17:37:13	ADAuthenicator	GetPrincipalContext	GetPrincipalContext : Development	
05/07/2017 17:37:13	ADAuthenicator	GetPrincipalContext	_adname, _adadmin, _adadminpwd : cwdcho3, ituser, ext82755	
05/07/2017 17:37:20	ADAuthenicator	GetPrincipalContext	Principal Context : cwdcho3.chunwo.local	
05/07/2017 17:37:20	ADAuthenicator	ListAllUser	New Context  	
05/07/2017 17:37:20	ADAuthenicator	ListAllUser	New UserPrincipal  	
06/07/2017 17:37:16	ADAuthenicator	ListAllUser	ListAllUser 	
06/07/2017 17:37:16	ADAuthenicator	GetPrincipalContext	GetPrincipalContext : Development	
06/07/2017 17:37:16	ADAuthenicator	GetPrincipalContext	_adname, _adadmin, _adadminpwd : cwdcho3, ituser, ext82755	
06/07/2017 17:37:24	ADAuthenicator	GetPrincipalContext	Principal Context : cwdcho3.chunwo.local	
06/07/2017 17:37:24	ADAuthenicator	ListAllUser	New Context  	
06/07/2017 17:37:24	ADAuthenicator	ListAllUser	New UserPrincipal  	
07/07/2017 17:37:10	ADAuthenicator	ListAllUser	ListAllUser 	
07/07/2017 17:37:10	ADAuthenicator	GetPrincipalContext	GetPrincipalContext : Development	
07/07/2017 17:37:10	ADAuthenicator	GetPrincipalContext	_adname, _adadmin, _adadminpwd : cwdcho3, ituser, ext82755	
07/07/2017 17:37:17	ADAuthenicator	GetPrincipalContext	Principal Context : cwdcho3.chunwo.local	
07/07/2017 17:37:17	ADAuthenicator	ListAllUser	New Context  	
07/07/2017 17:37:17	ADAuthenicator	ListAllUser	New UserPrincipal  	
10/07/2017 17:37:11	ADAuthenicator	ListAllUser	ListAllUser 	
10/07/2017 17:37:11	ADAuthenicator	GetPrincipalContext	GetPrincipalContext : Development	
10/07/2017 17:37:11	ADAuthenicator	GetPrincipalContext	_adname, _adadmin, _adadminpwd : cwdcho3, ituser, ext82755	
10/07/2017 17:37:18	ADAuthenicator	GetPrincipalContext	Principal Context : cwdcho3.chunwo.local	
10/07/2017 17:37:18	ADAuthenicator	ListAllUser	New Context  	
10/07/2017 17:37:18	ADAuthenicator	ListAllUser	New UserPrincipal  	
11/07/2017 17:37:12	ADAuthenicator	ListAllUser	ListAllUser 	
11/07/2017 17:37:12	ADAuthenicator	GetPrincipalContext	GetPrincipalContext : Development	
11/07/2017 17:37:12	ADAuthenicator	GetPrincipalContext	_adname, _adadmin, _adadminpwd : cwdcho3, ituser, ext82755	
11/07/2017 17:37:18	ADAuthenicator	GetPrincipalContext	Principal Context : cwdcho3.chunwo.local	
11/07/2017 17:37:18	ADAuthenicator	ListAllUser	New Context  	
11/07/2017 17:37:18	ADAuthenicator	ListAllUser	New UserPrincipal  	
12/07/2017 17:37:11	ADAuthenicator	ListAllUser	ListAllUser 	
12/07/2017 17:37:11	ADAuthenicator	GetPrincipalContext	GetPrincipalContext : Development	
12/07/2017 17:37:11	ADAuthenicator	GetPrincipalContext	_adname, _adadmin, _adadminpwd : cwdcho3, ituser, ext82755	
12/07/2017 17:37:15	ADAuthenicator	GetPrincipalContext	Principal Context : cwdcho3.chunwo.local	
12/07/2017 17:37:15	ADAuthenicator	ListAllUser	New Context  	
12/07/2017 17:37:15	ADAuthenicator	ListAllUser	New UserPrincipal  	
13/07/2017 17:37:12	ADAuthenicator	ListAllUser	ListAllUser 	
13/07/2017 17:37:12	ADAuthenicator	GetPrincipalContext	GetPrincipalContext : Development	
13/07/2017 17:37:12	ADAuthenicator	GetPrincipalContext	_adname, _adadmin, _adadminpwd : cwdcho3, ituser, ext82755	
13/07/2017 17:37:15	ADAuthenicator	GetPrincipalContext	Principal Context : cwdcho3.chunwo.local	
13/07/2017 17:37:15	ADAuthenicator	ListAllUser	New Context  	
13/07/2017 17:37:15	ADAuthenicator	ListAllUser	New UserPrincipal  	
14/07/2017 17:37:11	ADAuthenicator	ListAllUser	ListAllUser 	
14/07/2017 17:37:11	ADAuthenicator	GetPrincipalContext	GetPrincipalContext : Development	
14/07/2017 17:37:11	ADAuthenicator	GetPrincipalContext	_adname, _adadmin, _adadminpwd : cwdcho3, ituser, ext82755	
14/07/2017 17:37:14	ADAuthenicator	GetPrincipalContext	Principal Context : cwdcho3.chunwo.local	
14/07/2017 17:37:14	ADAuthenicator	ListAllUser	New Context  	
14/07/2017 17:37:14	ADAuthenicator	ListAllUser	New UserPrincipal  	
17/07/2017 17:37:11	ADAuthenicator	ListAllUser	ListAllUser 	
17/07/2017 17:37:11	ADAuthenicator	GetPrincipalContext	GetPrincipalContext : Development	
17/07/2017 17:37:11	ADAuthenicator	GetPrincipalContext	_adname, _adadmin, _adadminpwd : cwdcho3, ituser, ext82755	
17/07/2017 17:37:15	ADAuthenicator	GetPrincipalContext	Principal Context : cwdcho3.chunwo.local	
17/07/2017 17:37:15	ADAuthenicator	ListAllUser	New Context  	
17/07/2017 17:37:15	ADAuthenicator	ListAllUser	New UserPrincipal  	
18/07/2017 17:37:12	ADAuthenicator	ListAllUser	ListAllUser 	
18/07/2017 17:37:12	ADAuthenicator	GetPrincipalContext	GetPrincipalContext : Development	
18/07/2017 17:37:12	ADAuthenicator	GetPrincipalContext	_adname, _adadmin, _adadminpwd : cwdcho3, ituser, ext82755	
18/07/2017 17:37:16	ADAuthenicator	GetPrincipalContext	Principal Context : cwdcho3.chunwo.local	
18/07/2017 17:37:16	ADAuthenicator	ListAllUser	New Context  	
18/07/2017 17:37:16	ADAuthenicator	ListAllUser	New UserPrincipal  	
19/07/2017 17:37:13	ADAuthenicator	ListAllUser	ListAllUser 	
19/07/2017 17:37:13	ADAuthenicator	GetPrincipalContext	GetPrincipalContext : Development	
19/07/2017 17:37:13	ADAuthenicator	GetPrincipalContext	_adname, _adadmin, _adadminpwd : cwdcho3, ituser, ext82755	
19/07/2017 17:37:17	ADAuthenicator	GetPrincipalContext	Principal Context : cwdcho3.chunwo.local	
19/07/2017 17:37:17	ADAuthenicator	ListAllUser	New Context  	
19/07/2017 17:37:17	ADAuthenicator	ListAllUser	New UserPrincipal  	
20/07/2017 17:37:13	ADAuthenicator	ListAllUser	ListAllUser 	
20/07/2017 17:37:13	ADAuthenicator	GetPrincipalContext	GetPrincipalContext : Development	
20/07/2017 17:37:13	ADAuthenicator	GetPrincipalContext	_adname, _adadmin, _adadminpwd : cwdcho3, ituser, ext82755	
20/07/2017 17:37:19	ADAuthenicator	GetPrincipalContext	Principal Context : cwdcho3.chunwo.local	
20/07/2017 17:37:19	ADAuthenicator	ListAllUser	New Context  	
20/07/2017 17:37:19	ADAuthenicator	ListAllUser	New UserPrincipal  	
21/07/2017 17:37:12	ADAuthenicator	ListAllUser	ListAllUser 	
21/07/2017 17:37:12	ADAuthenicator	GetPrincipalContext	GetPrincipalContext : Development	
21/07/2017 17:37:12	ADAuthenicator	GetPrincipalContext	_adname, _adadmin, _adadminpwd : cwdcho3, ituser, ext82755	
21/07/2017 17:37:17	ADAuthenicator	GetPrincipalContext	Principal Context : cwdcho3.chunwo.local	
21/07/2017 17:37:17	ADAuthenicator	ListAllUser	New Context  	
21/07/2017 17:37:17	ADAuthenicator	ListAllUser	New UserPrincipal  	
22/07/2017 17:37:12	ADAuthenicator	ListAllUser	ListAllUser 	
22/07/2017 17:37:12	ADAuthenicator	GetPrincipalContext	GetPrincipalContext : Development	
22/07/2017 17:37:12	ADAuthenicator	GetPrincipalContext	_adname, _adadmin, _adadminpwd : cwdcho3, ituser, ext82755	
22/07/2017 17:37:15	ADAuthenicator	GetPrincipalContext	Principal Context : cwdcho3.chunwo.local	
22/07/2017 17:37:15	ADAuthenicator	ListAllUser	New Context  	
22/07/2017 17:37:15	ADAuthenicator	ListAllUser	New UserPrincipal  	
24/07/2017 17:37:13	ADAuthenicator	ListAllUser	ListAllUser 	
24/07/2017 17:37:13	ADAuthenicator	GetPrincipalContext	GetPrincipalContext : Development	
24/07/2017 17:37:13	ADAuthenicator	GetPrincipalContext	_adname, _adadmin, _adadminpwd : cwdcho3, ituser, ext82755	
24/07/2017 17:37:17	ADAuthenicator	GetPrincipalContext	Principal Context : cwdcho3.chunwo.local	
24/07/2017 17:37:17	ADAuthenicator	ListAllUser	New Context  	
24/07/2017 17:37:17	ADAuthenicator	ListAllUser	New UserPrincipal  	
25/07/2017 17:37:14	ADAuthenicator	ListAllUser	ListAllUser 	
25/07/2017 17:37:14	ADAuthenicator	GetPrincipalContext	GetPrincipalContext : Development	
25/07/2017 17:37:14	ADAuthenicator	GetPrincipalContext	_adname, _adadmin, _adadminpwd : cwdcho3, ituser, ext82755	
25/07/2017 17:37:18	ADAuthenicator	GetPrincipalContext	Principal Context : cwdcho3.chunwo.local	
25/07/2017 17:37:18	ADAuthenicator	ListAllUser	New Context  	
25/07/2017 17:37:18	ADAuthenicator	ListAllUser	New UserPrincipal  	
26/07/2017 17:37:17	ADAuthenicator	ListAllUser	ListAllUser 	
26/07/2017 17:37:17	ADAuthenicator	GetPrincipalContext	GetPrincipalContext : Development	
26/07/2017 17:37:17	ADAuthenicator	GetPrincipalContext	_adname, _adadmin, _adadminpwd : cwdcho3, ituser, ext82755	
26/07/2017 17:37:22	ADAuthenicator	GetPrincipalContext	Principal Context : cwdcho3.chunwo.local	
26/07/2017 17:37:22	ADAuthenicator	ListAllUser	New Context  	
26/07/2017 17:37:22	ADAuthenicator	ListAllUser	New UserPrincipal  	
27/07/2017 17:37:25	ADAuthenicator	ListAllUser	ListAllUser 	
27/07/2017 17:37:25	ADAuthenicator	GetPrincipalContext	GetPrincipalContext : Development	
27/07/2017 17:37:25	ADAuthenicator	GetPrincipalContext	_adname, _adadmin, _adadminpwd : cwdcho3, ituser, ext82755	
27/07/2017 17:37:31	ADAuthenicator	GetPrincipalContext	Principal Context : cwdcho3.chunwo.local	
27/07/2017 17:37:31	ADAuthenicator	ListAllUser	New Context  	
27/07/2017 17:37:31	ADAuthenicator	ListAllUser	New UserPrincipal  	
28/07/2017 17:37:20	ADAuthenicator	ListAllUser	ListAllUser 	
28/07/2017 17:37:20	ADAuthenicator	GetPrincipalContext	GetPrincipalContext : Development	
28/07/2017 17:37:20	ADAuthenicator	GetPrincipalContext	_adname, _adadmin, _adadminpwd : cwdcho3, ituser, ext82755	
28/07/2017 17:37:25	ADAuthenicator	GetPrincipalContext	Principal Context : cwdcho3.chunwo.local	
28/07/2017 17:37:25	ADAuthenicator	ListAllUser	New Context  	
28/07/2017 17:37:25	ADAuthenicator	ListAllUser	New UserPrincipal  	
29/07/2017 17:37:14	ADAuthenicator	ListAllUser	ListAllUser 	
29/07/2017 17:37:15	ADAuthenicator	GetPrincipalContext	GetPrincipalContext : Development	
29/07/2017 17:37:15	ADAuthenicator	GetPrincipalContext	_adname, _adadmin, _adadminpwd : cwdcho3, ituser, ext82755	
29/07/2017 17:37:19	ADAuthenicator	GetPrincipalContext	Principal Context : cwdcho3.chunwo.local	
29/07/2017 17:37:19	ADAuthenicator	ListAllUser	New Context  	
29/07/2017 17:37:19	ADAuthenicator	ListAllUser	New UserPrincipal  	
31/07/2017 17:37:12	ADAuthenicator	ListAllUser	ListAllUser 	
31/07/2017 17:37:12	ADAuthenicator	GetPrincipalContext	GetPrincipalContext : Development	
31/07/2017 17:37:12	ADAuthenicator	GetPrincipalContext	_adname, _adadmin, _adadminpwd : cwdcho3, ituser, ext82755	
31/07/2017 17:37:15	ADAuthenicator	GetPrincipalContext	Principal Context : cwdcho3.chunwo.local	
31/07/2017 17:37:15	ADAuthenicator	ListAllUser	New Context  	
31/07/2017 17:37:15	ADAuthenicator	ListAllUser	New UserPrincipal  	
01/08/2017 17:37:12	ADAuthenicator	ListAllUser	ListAllUser 	
01/08/2017 17:37:12	ADAuthenicator	GetPrincipalContext	GetPrincipalContext : Development	
01/08/2017 17:37:12	ADAuthenicator	GetPrincipalContext	_adname, _adadmin, _adadminpwd : cwdcho3, ituser, ext82755	
01/08/2017 17:37:19	ADAuthenicator	GetPrincipalContext	Principal Context : cwdcho3.chunwo.local	
01/08/2017 17:37:19	ADAuthenicator	ListAllUser	New Context  	
01/08/2017 17:37:19	ADAuthenicator	ListAllUser	New UserPrincipal  	
02/08/2017 17:37:11	ADAuthenicator	ListAllUser	ListAllUser 	
02/08/2017 17:37:11	ADAuthenicator	GetPrincipalContext	GetPrincipalContext : Development	
02/08/2017 17:37:11	ADAuthenicator	GetPrincipalContext	_adname, _adadmin, _adadminpwd : cwdcho3, ituser, ext82755	
02/08/2017 17:37:14	ADAuthenicator	GetPrincipalContext	Principal Context : cwdcho3.chunwo.local	
02/08/2017 17:37:14	ADAuthenicator	ListAllUser	New Context  	
02/08/2017 17:37:14	ADAuthenicator	ListAllUser	New UserPrincipal  	
03/08/2017 17:37:11	ADAuthenicator	ListAllUser	ListAllUser 	
03/08/2017 17:37:11	ADAuthenicator	GetPrincipalContext	GetPrincipalContext : Development	
03/08/2017 17:37:11	ADAuthenicator	GetPrincipalContext	_adname, _adadmin, _adadminpwd : cwdcho3, ituser, ext82755	
03/08/2017 17:37:16	ADAuthenicator	GetPrincipalContext	Principal Context : cwdcho3.chunwo.local	
03/08/2017 17:37:16	ADAuthenicator	ListAllUser	New Context  	
03/08/2017 17:37:16	ADAuthenicator	ListAllUser	New UserPrincipal  	
04/08/2017 17:37:12	ADAuthenicator	ListAllUser	ListAllUser 	
04/08/2017 17:37:12	ADAuthenicator	GetPrincipalContext	GetPrincipalContext : Development	
04/08/2017 17:37:12	ADAuthenicator	GetPrincipalContext	_adname, _adadmin, _adadminpwd : cwdcho3, ituser, ext82755	
04/08/2017 17:37:15	ADAuthenicator	GetPrincipalContext	Principal Context : cwdcho3.chunwo.local	
04/08/2017 17:37:15	ADAuthenicator	ListAllUser	New Context  	
04/08/2017 17:37:15	ADAuthenicator	ListAllUser	New UserPrincipal  	
05/08/2017 17:37:11	ADAuthenicator	ListAllUser	ListAllUser 	
05/08/2017 17:37:11	ADAuthenicator	GetPrincipalContext	GetPrincipalContext : Development	
05/08/2017 17:37:11	ADAuthenicator	GetPrincipalContext	_adname, _adadmin, _adadminpwd : cwdcho3, ituser, ext82755	
05/08/2017 17:37:15	ADAuthenicator	GetPrincipalContext	Principal Context : cwdcho3.chunwo.local	
05/08/2017 17:37:15	ADAuthenicator	ListAllUser	New Context  	
05/08/2017 17:37:15	ADAuthenicator	ListAllUser	New UserPrincipal  	
07/08/2017 17:37:12	ADAuthenicator	ListAllUser	ListAllUser 	
07/08/2017 17:37:12	ADAuthenicator	GetPrincipalContext	GetPrincipalContext : Development	
07/08/2017 17:37:12	ADAuthenicator	GetPrincipalContext	_adname, _adadmin, _adadminpwd : cwdcho3, ituser, ext82755	
07/08/2017 17:37:16	ADAuthenicator	GetPrincipalContext	Principal Context : cwdcho3.chunwo.local	
07/08/2017 17:37:16	ADAuthenicator	ListAllUser	New Context  	
07/08/2017 17:37:16	ADAuthenicator	ListAllUser	New UserPrincipal  	
08/08/2017 17:37:14	ADAuthenicator	ListAllUser	ListAllUser 	
08/08/2017 17:37:14	ADAuthenicator	GetPrincipalContext	GetPrincipalContext : Development	
08/08/2017 17:37:14	ADAuthenicator	GetPrincipalContext	_adname, _adadmin, _adadminpwd : cwdcho3, ituser, ext82755	
08/08/2017 17:37:18	ADAuthenicator	GetPrincipalContext	Principal Context : cwdcho3.chunwo.local	
08/08/2017 17:37:18	ADAuthenicator	ListAllUser	New Context  	
08/08/2017 17:37:18	ADAuthenicator	ListAllUser	New UserPrincipal  	
09/08/2017 17:37:13	ADAuthenicator	ListAllUser	ListAllUser 	
09/08/2017 17:37:13	ADAuthenicator	GetPrincipalContext	GetPrincipalContext : Development	
09/08/2017 17:37:13	ADAuthenicator	GetPrincipalContext	_adname, _adadmin, _adadminpwd : cwdcho3, ituser, ext82755	
09/08/2017 17:37:20	ADAuthenicator	GetPrincipalContext	Principal Context : cwdcho3.chunwo.local	
09/08/2017 17:37:20	ADAuthenicator	ListAllUser	New Context  	
09/08/2017 17:37:20	ADAuthenicator	ListAllUser	New UserPrincipal  	
10/08/2017 17:37:13	ADAuthenicator	ListAllUser	ListAllUser 	
10/08/2017 17:37:13	ADAuthenicator	GetPrincipalContext	GetPrincipalContext : Development	
10/08/2017 17:37:13	ADAuthenicator	GetPrincipalContext	_adname, _adadmin, _adadminpwd : cwdcho3, ituser, ext82755	
10/08/2017 17:37:21	ADAuthenicator	GetPrincipalContext	Principal Context : cwdcho3.chunwo.local	
10/08/2017 17:37:21	ADAuthenicator	ListAllUser	New Context  	
10/08/2017 17:37:21	ADAuthenicator	ListAllUser	New UserPrincipal  	
11/08/2017 17:37:13	ADAuthenicator	ListAllUser	ListAllUser 	
11/08/2017 17:37:13	ADAuthenicator	GetPrincipalContext	GetPrincipalContext : Development	
11/08/2017 17:37:13	ADAuthenicator	GetPrincipalContext	_adname, _adadmin, _adadminpwd : cwdcho3, ituser, ext82755	
11/08/2017 17:37:19	ADAuthenicator	GetPrincipalContext	Principal Context : cwdcho3.chunwo.local	
11/08/2017 17:37:19	ADAuthenicator	ListAllUser	New Context  	
11/08/2017 17:37:19	ADAuthenicator	ListAllUser	New UserPrincipal  	
12/08/2017 17:37:10	ADAuthenicator	ListAllUser	ListAllUser 	
12/08/2017 17:37:10	ADAuthenicator	GetPrincipalContext	GetPrincipalContext : Development	
12/08/2017 17:37:10	ADAuthenicator	GetPrincipalContext	_adname, _adadmin, _adadminpwd : cwdcho3, ituser, ext82755	
12/08/2017 17:37:13	ADAuthenicator	GetPrincipalContext	Principal Context : cwdcho3.chunwo.local	
12/08/2017 17:37:13	ADAuthenicator	ListAllUser	New Context  	
12/08/2017 17:37:13	ADAuthenicator	ListAllUser	New UserPrincipal  	
14/08/2017 17:37:11	ADAuthenicator	ListAllUser	ListAllUser 	
14/08/2017 17:37:11	ADAuthenicator	GetPrincipalContext	GetPrincipalContext : Development	
14/08/2017 17:37:11	ADAuthenicator	GetPrincipalContext	_adname, _adadmin, _adadminpwd : cwdcho3, ituser, ext82755	
14/08/2017 17:37:15	ADAuthenicator	GetPrincipalContext	Principal Context : cwdcho3.chunwo.local	
14/08/2017 17:37:15	ADAuthenicator	ListAllUser	New Context  	
14/08/2017 17:37:15	ADAuthenicator	ListAllUser	New UserPrincipal  	
15/08/2017 17:37:11	ADAuthenicator	ListAllUser	ListAllUser 	
15/08/2017 17:37:11	ADAuthenicator	GetPrincipalContext	GetPrincipalContext : Development	
15/08/2017 17:37:11	ADAuthenicator	GetPrincipalContext	_adname, _adadmin, _adadminpwd : cwdcho3, ituser, ext82755	
15/08/2017 17:37:14	ADAuthenicator	GetPrincipalContext	Principal Context : cwdcho3.chunwo.local	
15/08/2017 17:37:14	ADAuthenicator	ListAllUser	New Context  	
15/08/2017 17:37:14	ADAuthenicator	ListAllUser	New UserPrincipal  	
16/08/2017 17:37:11	ADAuthenicator	ListAllUser	ListAllUser 	
16/08/2017 17:37:11	ADAuthenicator	GetPrincipalContext	GetPrincipalContext : Development	
16/08/2017 17:37:11	ADAuthenicator	GetPrincipalContext	_adname, _adadmin, _adadminpwd : cwdcho3, ituser, ext82755	
16/08/2017 17:37:16	ADAuthenicator	GetPrincipalContext	Principal Context : cwdcho3.chunwo.local	
16/08/2017 17:37:16	ADAuthenicator	ListAllUser	New Context  	
16/08/2017 17:37:16	ADAuthenicator	ListAllUser	New UserPrincipal  	
17/08/2017 17:37:11	ADAuthenicator	ListAllUser	ListAllUser 	
17/08/2017 17:37:11	ADAuthenicator	GetPrincipalContext	GetPrincipalContext : Development	
17/08/2017 17:37:11	ADAuthenicator	GetPrincipalContext	_adname, _adadmin, _adadminpwd : cwdcho3, ituser, ext82755	
17/08/2017 17:37:15	ADAuthenicator	GetPrincipalContext	Principal Context : cwdcho3.chunwo.local	
17/08/2017 17:37:15	ADAuthenicator	ListAllUser	New Context  	
17/08/2017 17:37:15	ADAuthenicator	ListAllUser	New UserPrincipal  	
18/08/2017 17:37:11	ADAuthenicator	ListAllUser	ListAllUser 	
18/08/2017 17:37:11	ADAuthenicator	GetPrincipalContext	GetPrincipalContext : Development	
18/08/2017 17:37:11	ADAuthenicator	GetPrincipalContext	_adname, _adadmin, _adadminpwd : cwdcho3, ituser, ext82755	
18/08/2017 17:37:15	ADAuthenicator	GetPrincipalContext	Principal Context : cwdcho3.chunwo.local	
18/08/2017 17:37:15	ADAuthenicator	ListAllUser	New Context  	
18/08/2017 17:37:15	ADAuthenicator	ListAllUser	New UserPrincipal  	
19/08/2017 17:37:10	ADAuthenicator	ListAllUser	ListAllUser 	
19/08/2017 17:37:10	ADAuthenicator	GetPrincipalContext	GetPrincipalContext : Development	
19/08/2017 17:37:10	ADAuthenicator	GetPrincipalContext	_adname, _adadmin, _adadminpwd : cwdcho3, ituser, ext82755	
19/08/2017 17:37:13	ADAuthenicator	GetPrincipalContext	Principal Context : cwdcho3.chunwo.local	
19/08/2017 17:37:13	ADAuthenicator	ListAllUser	New Context  	
19/08/2017 17:37:13	ADAuthenicator	ListAllUser	New UserPrincipal  	
21/08/2017 17:37:11	ADAuthenicator	ListAllUser	ListAllUser 	
21/08/2017 17:37:11	ADAuthenicator	GetPrincipalContext	GetPrincipalContext : Development	
21/08/2017 17:37:11	ADAuthenicator	GetPrincipalContext	_adname, _adadmin, _adadminpwd : cwdcho3, ituser, ext82755	
21/08/2017 17:37:14	ADAuthenicator	GetPrincipalContext	Principal Context : cwdcho3.chunwo.local	
21/08/2017 17:37:14	ADAuthenicator	ListAllUser	New Context  	
21/08/2017 17:37:14	ADAuthenicator	ListAllUser	New UserPrincipal  	
22/08/2017 17:37:13	ADAuthenicator	ListAllUser	ListAllUser 	
22/08/2017 17:37:13	ADAuthenicator	GetPrincipalContext	GetPrincipalContext : Development	
22/08/2017 17:37:13	ADAuthenicator	GetPrincipalContext	_adname, _adadmin, _adadminpwd : cwdcho3, ituser, ext82755	
22/08/2017 17:37:17	ADAuthenicator	GetPrincipalContext	Principal Context : cwdcho3.chunwo.local	
22/08/2017 17:37:17	ADAuthenicator	ListAllUser	New Context  	
22/08/2017 17:37:17	ADAuthenicator	ListAllUser	New UserPrincipal  	
23/08/2017 17:37:12	ADAuthenicator	ListAllUser	ListAllUser 	
23/08/2017 17:37:12	ADAuthenicator	GetPrincipalContext	GetPrincipalContext : Development	
23/08/2017 17:37:12	ADAuthenicator	GetPrincipalContext	_adname, _adadmin, _adadminpwd : cwdcho3, ituser, ext82755	
23/08/2017 17:37:15	ADAuthenicator	GetPrincipalContext	Principal Context : cwdcho3.chunwo.local	
23/08/2017 17:37:15	ADAuthenicator	ListAllUser	New Context  	
23/08/2017 17:37:15	ADAuthenicator	ListAllUser	New UserPrincipal  	
24/08/2017 17:37:13	ADAuthenicator	ListAllUser	ListAllUser 	
24/08/2017 17:37:13	ADAuthenicator	GetPrincipalContext	GetPrincipalContext : Development	
24/08/2017 17:37:13	ADAuthenicator	GetPrincipalContext	_adname, _adadmin, _adadminpwd : cwdcho3, ituser, ext82755	
24/08/2017 17:37:16	ADAuthenicator	GetPrincipalContext	Principal Context : cwdcho3.chunwo.local	
24/08/2017 17:37:16	ADAuthenicator	ListAllUser	New Context  	
24/08/2017 17:37:16	ADAuthenicator	ListAllUser	New UserPrincipal  	
25/08/2017 17:37:14	ADAuthenicator	ListAllUser	ListAllUser 	
25/08/2017 17:37:14	ADAuthenicator	GetPrincipalContext	GetPrincipalContext : Development	
25/08/2017 17:37:14	ADAuthenicator	GetPrincipalContext	_adname, _adadmin, _adadminpwd : cwdcho3, ituser, ext82755	
25/08/2017 17:37:17	ADAuthenicator	GetPrincipalContext	Principal Context : cwdcho3.chunwo.local	
25/08/2017 17:37:17	ADAuthenicator	ListAllUser	New Context  	
25/08/2017 17:37:17	ADAuthenicator	ListAllUser	New UserPrincipal  	
26/08/2017 17:37:10	ADAuthenicator	ListAllUser	ListAllUser 	
26/08/2017 17:37:10	ADAuthenicator	GetPrincipalContext	GetPrincipalContext : Development	
26/08/2017 17:37:10	ADAuthenicator	GetPrincipalContext	_adname, _adadmin, _adadminpwd : cwdcho3, ituser, ext82755	
26/08/2017 17:37:14	ADAuthenicator	GetPrincipalContext	Principal Context : cwdcho3.chunwo.local	
26/08/2017 17:37:14	ADAuthenicator	ListAllUser	New Context  	
26/08/2017 17:37:14	ADAuthenicator	ListAllUser	New UserPrincipal  	
28/08/2017 17:37:13	ADAuthenicator	ListAllUser	ListAllUser 	
28/08/2017 17:37:13	ADAuthenicator	GetPrincipalContext	GetPrincipalContext : Development	
28/08/2017 17:37:13	ADAuthenicator	GetPrincipalContext	_adname, _adadmin, _adadminpwd : cwdcho3, ituser, ext82755	
28/08/2017 17:37:16	ADAuthenicator	GetPrincipalContext	Principal Context : cwdcho3.chunwo.local	
28/08/2017 17:37:16	ADAuthenicator	ListAllUser	New Context  	
28/08/2017 17:37:16	ADAuthenicator	ListAllUser	New UserPrincipal  	
29/08/2017 17:37:14	ADAuthenicator	ListAllUser	ListAllUser 	
29/08/2017 17:37:14	ADAuthenicator	GetPrincipalContext	GetPrincipalContext : Development	
29/08/2017 17:37:14	ADAuthenicator	GetPrincipalContext	_adname, _adadmin, _adadminpwd : cwdcho3, ituser, ext82755	
29/08/2017 17:37:19	ADAuthenicator	GetPrincipalContext	Principal Context : cwdcho3.chunwo.local	
29/08/2017 17:37:19	ADAuthenicator	ListAllUser	New Context  	
29/08/2017 17:37:19	ADAuthenicator	ListAllUser	New UserPrincipal  	
30/08/2017 17:37:13	ADAuthenicator	ListAllUser	ListAllUser 	
30/08/2017 17:37:13	ADAuthenicator	GetPrincipalContext	GetPrincipalContext : Development	
30/08/2017 17:37:13	ADAuthenicator	GetPrincipalContext	_adname, _adadmin, _adadminpwd : cwdcho3, ituser, ext82755	
30/08/2017 17:37:16	ADAuthenicator	GetPrincipalContext	Principal Context : cwdcho3.chunwo.local	
30/08/2017 17:37:16	ADAuthenicator	ListAllUser	New Context  	
30/08/2017 17:37:16	ADAuthenicator	ListAllUser	New UserPrincipal  	
31/08/2017 17:37:14	ADAuthenicator	ListAllUser	ListAllUser 	
31/08/2017 17:37:14	ADAuthenicator	GetPrincipalContext	GetPrincipalContext : Development	
31/08/2017 17:37:14	ADAuthenicator	GetPrincipalContext	_adname, _adadmin, _adadminpwd : cwdcho3, ituser, ext82755	
31/08/2017 17:37:18	ADAuthenicator	GetPrincipalContext	Principal Context : cwdcho3.chunwo.local	
31/08/2017 17:37:18	ADAuthenicator	ListAllUser	New Context  	
31/08/2017 17:37:18	ADAuthenicator	ListAllUser	New UserPrincipal  	
01/09/2017 17:37:10	ADAuthenicator	ListAllUser	ListAllUser 	
01/09/2017 17:37:10	ADAuthenicator	GetPrincipalContext	GetPrincipalContext : Development	
01/09/2017 17:37:10	ADAuthenicator	GetPrincipalContext	_adname, _adadmin, _adadminpwd : cwdcho3, ituser, ext82755	
01/09/2017 17:37:14	ADAuthenicator	GetPrincipalContext	Principal Context : cwdcho3.chunwo.local	
01/09/2017 17:37:14	ADAuthenicator	ListAllUser	New Context  	
01/09/2017 17:37:14	ADAuthenicator	ListAllUser	New UserPrincipal  	
02/09/2017 17:37:11	ADAuthenicator	ListAllUser	ListAllUser 	
02/09/2017 17:37:11	ADAuthenicator	GetPrincipalContext	GetPrincipalContext : Development	
02/09/2017 17:37:11	ADAuthenicator	GetPrincipalContext	_adname, _adadmin, _adadminpwd : cwdcho3, ituser, ext82755	
02/09/2017 17:37:14	ADAuthenicator	GetPrincipalContext	Principal Context : cwdcho3.chunwo.local	
02/09/2017 17:37:14	ADAuthenicator	ListAllUser	New Context  	
02/09/2017 17:37:14	ADAuthenicator	ListAllUser	New UserPrincipal  	
04/09/2017 17:37:11	ADAuthenicator	ListAllUser	ListAllUser 	
04/09/2017 17:37:11	ADAuthenicator	GetPrincipalContext	GetPrincipalContext : Development	
04/09/2017 17:37:11	ADAuthenicator	GetPrincipalContext	_adname, _adadmin, _adadminpwd : cwdcho3, ituser, ext82755	
04/09/2017 17:37:14	ADAuthenicator	GetPrincipalContext	Principal Context : cwdcho3.chunwo.local	
04/09/2017 17:37:14	ADAuthenicator	ListAllUser	New Context  	
04/09/2017 17:37:14	ADAuthenicator	ListAllUser	New UserPrincipal  	
05/09/2017 17:37:13	ADAuthenicator	ListAllUser	ListAllUser 	
05/09/2017 17:37:13	ADAuthenicator	GetPrincipalContext	GetPrincipalContext : Development	
05/09/2017 17:37:13	ADAuthenicator	GetPrincipalContext	_adname, _adadmin, _adadminpwd : cwdcho3, ituser, ext82755	
05/09/2017 17:37:16	ADAuthenicator	GetPrincipalContext	Principal Context : cwdcho3.chunwo.local	
05/09/2017 17:37:16	ADAuthenicator	ListAllUser	New Context  	
05/09/2017 17:37:16	ADAuthenicator	ListAllUser	New UserPrincipal  	
06/09/2017 17:37:16	ADAuthenicator	ListAllUser	ListAllUser 	
06/09/2017 17:37:16	ADAuthenicator	GetPrincipalContext	GetPrincipalContext : Development	
06/09/2017 17:37:16	ADAuthenicator	GetPrincipalContext	_adname, _adadmin, _adadminpwd : cwdcho3, ituser, ext82755	
06/09/2017 17:37:20	ADAuthenicator	GetPrincipalContext	Principal Context : cwdcho3.chunwo.local	
06/09/2017 17:37:20	ADAuthenicator	ListAllUser	New Context  	
06/09/2017 17:37:20	ADAuthenicator	ListAllUser	New UserPrincipal  	
07/09/2017 17:37:17	ADAuthenicator	ListAllUser	ListAllUser 	
07/09/2017 17:37:17	ADAuthenicator	GetPrincipalContext	GetPrincipalContext : Development	
07/09/2017 17:37:17	ADAuthenicator	GetPrincipalContext	_adname, _adadmin, _adadminpwd : cwdcho3, ituser, ext82755	
07/09/2017 17:37:20	ADAuthenicator	GetPrincipalContext	Principal Context : cwdcho3.chunwo.local	
07/09/2017 17:37:20	ADAuthenicator	ListAllUser	New Context  	
07/09/2017 17:37:20	ADAuthenicator	ListAllUser	New UserPrincipal  	
08/09/2017 17:37:17	ADAuthenicator	ListAllUser	ListAllUser 	
08/09/2017 17:37:17	ADAuthenicator	GetPrincipalContext	GetPrincipalContext : Development	
08/09/2017 17:37:17	ADAuthenicator	GetPrincipalContext	_adname, _adadmin, _adadminpwd : cwdcho3, ituser, ext82755	
08/09/2017 17:37:21	ADAuthenicator	GetPrincipalContext	Principal Context : cwdcho3.chunwo.local	
08/09/2017 17:37:21	ADAuthenicator	ListAllUser	New Context  	
08/09/2017 17:37:21	ADAuthenicator	ListAllUser	New UserPrincipal  	
09/09/2017 17:37:13	ADAuthenicator	ListAllUser	ListAllUser 	
09/09/2017 17:37:13	ADAuthenicator	GetPrincipalContext	GetPrincipalContext : Development	
09/09/2017 17:37:13	ADAuthenicator	GetPrincipalContext	_adname, _adadmin, _adadminpwd : cwdcho3, ituser, ext82755	
09/09/2017 17:37:16	ADAuthenicator	GetPrincipalContext	Principal Context : cwdcho3.chunwo.local	
09/09/2017 17:37:16	ADAuthenicator	ListAllUser	New Context  	
09/09/2017 17:37:16	ADAuthenicator	ListAllUser	New UserPrincipal  	
11/09/2017 17:37:14	ADAuthenicator	ListAllUser	ListAllUser 	
11/09/2017 17:37:14	ADAuthenicator	GetPrincipalContext	GetPrincipalContext : Development	
11/09/2017 17:37:14	ADAuthenicator	GetPrincipalContext	_adname, _adadmin, _adadminpwd : cwdcho3, ituser, ext82755	
11/09/2017 17:37:18	ADAuthenicator	GetPrincipalContext	Principal Context : cwdcho3.chunwo.local	
11/09/2017 17:37:18	ADAuthenicator	ListAllUser	New Context  	
11/09/2017 17:37:18	ADAuthenicator	ListAllUser	New UserPrincipal  	
12/09/2017 17:37:15	ADAuthenicator	ListAllUser	ListAllUser 	
12/09/2017 17:37:15	ADAuthenicator	GetPrincipalContext	GetPrincipalContext : Development	
12/09/2017 17:37:15	ADAuthenicator	GetPrincipalContext	_adname, _adadmin, _adadminpwd : cwdcho3, ituser, ext82755	
12/09/2017 17:37:18	ADAuthenicator	GetPrincipalContext	Principal Context : cwdcho3.chunwo.local	
12/09/2017 17:37:18	ADAuthenicator	ListAllUser	New Context  	
12/09/2017 17:37:18	ADAuthenicator	ListAllUser	New UserPrincipal  	
13/09/2017 17:37:15	ADAuthenicator	ListAllUser	ListAllUser 	
13/09/2017 17:37:15	ADAuthenicator	GetPrincipalContext	GetPrincipalContext : Development	
13/09/2017 17:37:15	ADAuthenicator	GetPrincipalContext	_adname, _adadmin, _adadminpwd : cwdcho3, ituser, ext82755	
13/09/2017 17:37:19	ADAuthenicator	GetPrincipalContext	Principal Context : cwdcho3.chunwo.local	
13/09/2017 17:37:19	ADAuthenicator	ListAllUser	New Context  	
13/09/2017 17:37:19	ADAuthenicator	ListAllUser	New UserPrincipal  	
14/09/2017 17:37:16	ADAuthenicator	ListAllUser	ListAllUser 	
14/09/2017 17:37:16	ADAuthenicator	GetPrincipalContext	GetPrincipalContext : Development	
14/09/2017 17:37:16	ADAuthenicator	GetPrincipalContext	_adname, _adadmin, _adadminpwd : cwdcho3, ituser, ext82755	
14/09/2017 17:37:19	ADAuthenicator	GetPrincipalContext	Principal Context : cwdcho3.chunwo.local	
14/09/2017 17:37:19	ADAuthenicator	ListAllUser	New Context  	
14/09/2017 17:37:19	ADAuthenicator	ListAllUser	New UserPrincipal  	
