------------------ Start Logging Message ---------------
31/05/2017 11:24:14	ADAuthenicator	ListAllUser	ListAllUser 	
31/05/2017 11:24:14	ADAuthenicator	GetPrincipalContext	GetPrincipalContext : Development	
31/05/2017 11:24:14	ADAuthenicator	GetPrincipalContext	_adname, _adadmin, _adadminpwd : cwdcho3, ituser, ext82755	
31/05/2017 11:24:20	ADAuthenicator	GetPrincipalContext	Principal Context : cwdcho3.chunwo.local	
31/05/2017 11:24:20	ADAuthenicator	ListAllUser	New Context  	
31/05/2017 11:24:20	ADAuthenicator	ListAllUser	New UserPrincipal  	
31/05/2017 11:31:22	ADAuthenicator	ListAllUser	ListAllUser 	
31/05/2017 11:31:22	ADAuthenicator	GetPrincipalContext	GetPrincipalContext : Development	
31/05/2017 11:31:22	ADAuthenicator	GetPrincipalContext	_adname, _adadmin, _adadminpwd : cwdcho3, ituser, ext82755	
31/05/2017 11:31:27	ADAuthenicator	GetPrincipalContext	Principal Context : cwdcho3.chunwo.local	
31/05/2017 11:31:27	ADAuthenicator	ListAllUser	New Context  	
31/05/2017 11:31:27	ADAuthenicator	ListAllUser	New UserPrincipal  	
31/05/2017 11:40:12	ADAuthenicator	ListAllUser	ListAllUser 	
31/05/2017 11:40:12	ADAuthenicator	GetPrincipalContext	GetPrincipalContext : Development	
31/05/2017 11:40:12	ADAuthenicator	GetPrincipalContext	_adname, _adadmin, _adadminpwd : cwdcho3, ituser, ext82755	
31/05/2017 11:40:16	ADAuthenicator	GetPrincipalContext	Principal Context : cwdcho3.chunwo.local	
31/05/2017 11:40:16	ADAuthenicator	ListAllUser	New Context  	
31/05/2017 11:40:16	ADAuthenicator	ListAllUser	New UserPrincipal  	
31/05/2017 11:47:03	ADAuthenicator	ListAllUser	ListAllUser 	
31/05/2017 11:47:03	ADAuthenicator	GetPrincipalContext	GetPrincipalContext : Development	
31/05/2017 11:47:03	ADAuthenicator	GetPrincipalContext	_adname, _adadmin, _adadminpwd : cwdcho3, ituser, ext82755	
31/05/2017 11:47:08	ADAuthenicator	GetPrincipalContext	Principal Context : cwdcho3.chunwo.local	
31/05/2017 11:47:08	ADAuthenicator	ListAllUser	New Context  	
31/05/2017 11:47:08	ADAuthenicator	ListAllUser	New UserPrincipal  	
31/05/2017 11:47:47	ADAuthenicator	ListAllUser	ListAllUser 	
31/05/2017 11:47:47	ADAuthenicator	GetPrincipalContext	GetPrincipalContext : Development	
31/05/2017 11:47:47	ADAuthenicator	GetPrincipalContext	_adname, _adadmin, _adadminpwd : cwdcho3, ituser, ext82755	
31/05/2017 11:47:48	ADAuthenicator	GetPrincipalContext	Principal Context : cwdcho3.chunwo.local	
31/05/2017 11:47:48	ADAuthenicator	ListAllUser	New Context  	
31/05/2017 11:47:48	ADAuthenicator	ListAllUser	New UserPrincipal  	
31/05/2017 11:49:48	ADAuthenicator	ListAllUser	ListAllUser 	
31/05/2017 11:49:48	ADAuthenicator	GetPrincipalContext	GetPrincipalContext : Development	
31/05/2017 11:49:48	ADAuthenicator	GetPrincipalContext	_adname, _adadmin, _adadminpwd : cwdcho3, ituser, ext82755	
31/05/2017 11:49:53	ADAuthenicator	GetPrincipalContext	Principal Context : cwdcho3.chunwo.local	
31/05/2017 11:49:53	ADAuthenicator	ListAllUser	New Context  	
31/05/2017 11:49:53	ADAuthenicator	ListAllUser	New UserPrincipal  	
31/05/2017 12:45:00	ADAuthenicator	ListAllUser	ListAllUser 	
31/05/2017 12:45:00	ADAuthenicator	GetPrincipalContext	GetPrincipalContext : Development	
31/05/2017 12:45:00	ADAuthenicator	GetPrincipalContext	_adname, _adadmin, _adadminpwd : cwdcho3, ituser, ext82755	
31/05/2017 12:45:05	ADAuthenicator	GetPrincipalContext	Principal Context : cwdcho3.chunwo.local	
31/05/2017 12:45:05	ADAuthenicator	ListAllUser	New Context  	
31/05/2017 12:45:05	ADAuthenicator	ListAllUser	New UserPrincipal  	
31/05/2017 12:45:47	ADAuthenicator	ListAllUser	ListAllUser 	
31/05/2017 12:45:47	ADAuthenicator	GetPrincipalContext	GetPrincipalContext : Development	
31/05/2017 12:45:47	ADAuthenicator	GetPrincipalContext	_adname, _adadmin, _adadminpwd : cwdcho3, ituser, ext82755	
31/05/2017 12:45:48	ADAuthenicator	GetPrincipalContext	Principal Context : cwdcho3.chunwo.local	
31/05/2017 12:45:48	ADAuthenicator	ListAllUser	New Context  	
31/05/2017 12:45:48	ADAuthenicator	ListAllUser	New UserPrincipal  	
31/05/2017 13:38:21	ADAuthenicator	ListAllUser	ListAllUser 	
31/05/2017 13:38:21	ADAuthenicator	GetPrincipalContext	GetPrincipalContext : Development	
31/05/2017 13:38:21	ADAuthenicator	GetPrincipalContext	_adname, _adadmin, _adadminpwd : cwdcho3, ituser, ext82755	
31/05/2017 13:38:26	ADAuthenicator	GetPrincipalContext	Principal Context : cwdcho3.chunwo.local	
31/05/2017 13:38:26	ADAuthenicator	ListAllUser	New Context  	
31/05/2017 13:38:26	ADAuthenicator	ListAllUser	New UserPrincipal  	
31/05/2017 13:43:53	ADAuthenicator	ListAllUser	ListAllUser 	
31/05/2017 13:43:53	ADAuthenicator	GetPrincipalContext	GetPrincipalContext : Development	
31/05/2017 13:43:53	ADAuthenicator	GetPrincipalContext	_adname, _adadmin, _adadminpwd : cwdcho3, ituser, ext82755	
31/05/2017 13:43:58	ADAuthenicator	GetPrincipalContext	Principal Context : cwdcho3.chunwo.local	
31/05/2017 13:43:58	ADAuthenicator	ListAllUser	New Context  	
31/05/2017 13:43:58	ADAuthenicator	ListAllUser	New UserPrincipal  	
01/06/2017 11:32:55	ADAuthenicator	ListAllUser	ListAllUser 	
01/06/2017 11:32:55	ADAuthenicator	GetPrincipalContext	GetPrincipalContext : Development	
01/06/2017 11:32:55	ADAuthenicator	GetPrincipalContext	_adname, _adadmin, _adadminpwd : cwdcho3, ituser, ext82755	
01/06/2017 11:33:01	ADAuthenicator	GetPrincipalContext	Principal Context : cwdcho3.chunwo.local	
01/06/2017 11:33:01	ADAuthenicator	ListAllUser	New Context  	
01/06/2017 11:33:01	ADAuthenicator	ListAllUser	New UserPrincipal  	
01/06/2017 11:39:14	ADAuthenicator	ListAllUser	ListAllUser 	
01/06/2017 11:39:14	ADAuthenicator	GetPrincipalContext	GetPrincipalContext : Development	
01/06/2017 11:39:14	ADAuthenicator	GetPrincipalContext	_adname, _adadmin, _adadminpwd : cwdcho3, ituser, ext82755	
01/06/2017 11:39:19	ADAuthenicator	GetPrincipalContext	Principal Context : cwdcho3.chunwo.local	
01/06/2017 11:39:19	ADAuthenicator	ListAllUser	New Context  	
01/06/2017 11:39:19	ADAuthenicator	ListAllUser	New UserPrincipal  	
01/06/2017 11:42:27	ADAuthenicator	ListAllUser	ListAllUser 	
01/06/2017 11:42:27	ADAuthenicator	GetPrincipalContext	GetPrincipalContext : Development	
01/06/2017 11:42:27	ADAuthenicator	GetPrincipalContext	_adname, _adadmin, _adadminpwd : cwdcho3, ituser, ext82755	
01/06/2017 11:42:32	ADAuthenicator	GetPrincipalContext	Principal Context : cwdcho3.chunwo.local	
01/06/2017 11:42:32	ADAuthenicator	ListAllUser	New Context  	
01/06/2017 11:42:32	ADAuthenicator	ListAllUser	New UserPrincipal  	
01/06/2017 17:37:28	ADAuthenicator	ListAllUser	ListAllUser 	
01/06/2017 17:37:28	ADAuthenicator	GetPrincipalContext	GetPrincipalContext : Development	
01/06/2017 17:37:28	ADAuthenicator	GetPrincipalContext	_adname, _adadmin, _adadminpwd : cwdcho3, ituser, ext82755	
01/06/2017 17:37:28	ADAuthenicator	GetPrincipalContext	Principal Context : cwdcho3.chunwo.local	
01/06/2017 17:37:28	ADAuthenicator	ListAllUser	New Context  	
01/06/2017 17:37:28	ADAuthenicator	ListAllUser	New UserPrincipal  	
01/06/2017 17:53:45	ADAuthenicator	ListAllUser	ListAllUser 	
01/06/2017 17:53:45	ADAuthenicator	GetPrincipalContext	GetPrincipalContext : Development	
01/06/2017 17:53:45	ADAuthenicator	GetPrincipalContext	_adname, _adadmin, _adadminpwd : cwdcho3, ituser, ext82755	
01/06/2017 17:53:50	ADAuthenicator	GetPrincipalContext	Principal Context : cwdcho3.chunwo.local	
01/06/2017 17:53:50	ADAuthenicator	ListAllUser	New Context  	
01/06/2017 17:53:50	ADAuthenicator	ListAllUser	New UserPrincipal  	
02/06/2017 10:20:24	ADAuthenicator	ListAllUser	ListAllUser 	
02/06/2017 10:20:24	ADAuthenicator	GetPrincipalContext	GetPrincipalContext : Development	
02/06/2017 10:20:24	ADAuthenicator	GetPrincipalContext	_adname, _adadmin, _adadminpwd : cwdcho3, ituser, ext82755	
02/06/2017 10:20:30	ADAuthenicator	GetPrincipalContext	Principal Context : cwdcho3.chunwo.local	
02/06/2017 10:20:30	ADAuthenicator	ListAllUser	New Context  	
02/06/2017 10:20:30	ADAuthenicator	ListAllUser	New UserPrincipal  	
02/06/2017 10:20:42	ADAuthenicator	ListAllUser	User Principal Searcher : 5662	
02/06/2017 10:57:08	ADAuthenicator	ListAllUser	ListAllUser 	
02/06/2017 10:57:08	ADAuthenicator	GetPrincipalContext	GetPrincipalContext : Development	
02/06/2017 10:57:08	ADAuthenicator	GetPrincipalContext	_adname, _adadmin, _adadminpwd : cwdcho3, ituser, ext82755	
02/06/2017 10:57:13	ADAuthenicator	GetPrincipalContext	Principal Context : cwdcho3.chunwo.local	
02/06/2017 10:57:13	ADAuthenicator	ListAllUser	New Context  	
02/06/2017 10:57:13	ADAuthenicator	ListAllUser	New UserPrincipal  	
22/06/2017 14:00:25	ADAuthenicator	ListAllUser	ListAllUser 	
22/06/2017 14:00:25	ADAuthenicator	GetPrincipalContext	GetPrincipalContext : Development	
22/06/2017 14:00:25	ADAuthenicator	GetPrincipalContext	_adname, _adadmin, _adadminpwd : cwdcho3, ituser, ext82755	
22/06/2017 14:00:30	ADAuthenicator	GetPrincipalContext	Principal Context : cwdcho3.chunwo.local	
22/06/2017 14:00:30	ADAuthenicator	ListAllUser	New Context  	
22/06/2017 14:00:30	ADAuthenicator	ListAllUser	New UserPrincipal  	
22/06/2017 14:01:02	ADAuthenicator	ListAllUser	User Principal Searcher : 5608	
15/08/2017 10:48:01	ADAuthenicator	ListAllUser	ListAllUser 	
15/08/2017 10:48:01	ADAuthenicator	GetPrincipalContext	GetPrincipalContext : Development	
15/08/2017 10:48:01	ADAuthenicator	GetPrincipalContext	_adname, _adadmin, _adadminpwd : cwdcho3, ituser, ext82755	
15/08/2017 10:48:04	ADAuthenicator	GetPrincipalContext	Principal Context : cwdcho3.chunwo.local	
15/08/2017 10:48:04	ADAuthenicator	ListAllUser	New Context  	
15/08/2017 10:48:04	ADAuthenicator	ListAllUser	New UserPrincipal  	
15/08/2017 10:48:10	ADAuthenicator	ListAllUser	User Principal Searcher : 5776	
