2/6/2017 9:48: System.Configuration.ConfigurationErrorsException: Configuration system failed to initialize ---> System.Configuration.ConfigurationErrorsException: Only one <configSections> element allowed per config file and if present must be the first child of the root <configuration> element. (C:\Project\UpdateNewStaffList\UpdateNewStaffList\bin\Debug\UpdateNewStaffList.exe.Config line 11)
   at System.Configuration.ConfigurationSchemaErrors.ThrowIfErrors(Boolean ignoreLocal)
   at System.Configuration.BaseConfigurationRecord.ThrowIfParseErrors(ConfigurationSchemaErrors schemaErrors)
   at System.Configuration.ClientConfigurationSystem.EnsureInit(String configKey)
   --- End of inner exception stack trace ---
   at System.Configuration.ConfigurationManager.PrepareConfigSystem()
   at System.Configuration.ConfigurationManager.get_AppSettings()
   at UpdateNewStaffList.Form1.Form1_Load(Object sender, EventArgs e) in C:\Project\UpdateNewStaffList\UpdateNewStaffList\Form1.cs:line 29
2/6/2017 10:07: System.Configuration.ConfigurationErrorsException: Configuration system failed to initialize ---> System.Configuration.ConfigurationErrorsException: Only one <configSections> element allowed per config file and if present must be the first child of the root <configuration> element. (C:\Project\UpdateNewStaffList\UpdateNewStaffList\bin\Debug\UpdateNewStaffList.exe.config line 11)
   at System.Configuration.ConfigurationSchemaErrors.ThrowIfErrors(Boolean ignoreLocal)
   at System.Configuration.BaseConfigurationRecord.ThrowIfParseErrors(ConfigurationSchemaErrors schemaErrors)
   at System.Configuration.ClientConfigurationSystem.EnsureInit(String configKey)
   --- End of inner exception stack trace ---
   at System.Configuration.ClientConfigurationSystem.EnsureInit(String configKey)
   at System.Configuration.ClientConfigurationSystem.PrepareClientConfigSystem(String sectionName)
   at System.Configuration.ClientConfigurationSystem.System.Configuration.Internal.IInternalConfigSystem.GetSection(String sectionName)
   at System.Configuration.ConfigurationManager.get_AppSettings()
   at UpdateNewStaffList.Form1.Form1_Load(Object sender, EventArgs e) in C:\Project\UpdateNewStaffList\UpdateNewStaffList\Form1.cs:line 29
2/6/2017 10:09: System.Configuration.ConfigurationErrorsException: Configuration system failed to initialize ---> System.Configuration.ConfigurationErrorsException: Unrecognized configuration section applicationSettings. (C:\Project\UpdateNewStaffList\UpdateNewStaffList\bin\Debug\UpdateNewStaffList.exe.config line 23)
   at System.Configuration.ConfigurationSchemaErrors.ThrowIfErrors(Boolean ignoreLocal)
   at System.Configuration.BaseConfigurationRecord.ThrowIfParseErrors(ConfigurationSchemaErrors schemaErrors)
   at System.Configuration.ClientConfigurationSystem.EnsureInit(String configKey)
   --- End of inner exception stack trace ---
   at System.Configuration.ClientConfigurationSystem.EnsureInit(String configKey)
   at System.Configuration.ClientConfigurationSystem.PrepareClientConfigSystem(String sectionName)
   at System.Configuration.ClientConfigurationSystem.System.Configuration.Internal.IInternalConfigSystem.GetSection(String sectionName)
   at System.Configuration.ConfigurationManager.get_AppSettings()
   at UpdateNewStaffList.Form1.Form1_Load(Object sender, EventArgs e) in C:\Project\UpdateNewStaffList\UpdateNewStaffList\Form1.cs:line 29
2/6/2017 10:10: System.Configuration.ConfigurationErrorsException: Configuration system failed to initialize ---> System.Configuration.ConfigurationErrorsException: Unrecognized configuration section applicationSettings. (C:\Project\UpdateNewStaffList\UpdateNewStaffList\bin\Debug\UpdateNewStaffList.exe.config line 23)
   at System.Configuration.ConfigurationSchemaErrors.ThrowIfErrors(Boolean ignoreLocal)
   at System.Configuration.BaseConfigurationRecord.ThrowIfParseErrors(ConfigurationSchemaErrors schemaErrors)
   at System.Configuration.ClientConfigurationSystem.EnsureInit(String configKey)
   --- End of inner exception stack trace ---
   at System.Configuration.ConfigurationManager.PrepareConfigSystem()
   at System.Configuration.ConfigurationManager.GetSection(String sectionName)
   at System.Configuration.PrivilegedConfigurationManager.GetSection(String sectionName)
   at System.Diagnostics.DiagnosticsConfiguration.Initialize()
   at System.Diagnostics.DiagnosticsConfiguration.get_IndentSize()
   at System.Diagnostics.TraceInternal.InitializeSettings()
   at System.Diagnostics.TraceInternal.get_Listeners()
22/6/2017 14:06: System.Net.WebException: The underlying connection was closed: An unexpected error occurred on a receive. ---> System.IO.IOException: Unable to read data from the transport connection: 遠端主機已強制關閉一個現存的連線。. ---> System.Net.Sockets.SocketException: 遠端主機已強制關閉一個現存的連線。
   at System.Net.Sockets.Socket.Receive(Byte[] buffer, Int32 offset, Int32 size, SocketFlags socketFlags)
   at System.Net.Sockets.NetworkStream.Read(Byte[] buffer, Int32 offset, Int32 size)
   --- End of inner exception stack trace ---
   at System.Net.Sockets.NetworkStream.Read(Byte[] buffer, Int32 offset, Int32 size)
   at System.Net.Connection.SyncRead(HttpWebRequest request, Boolean userRetrievedStream, Boolean probeRead)
   --- End of inner exception stack trace ---
   at System.Web.Services.Protocols.WebClientProtocol.GetWebResponse(WebRequest request)
   at System.Web.Services.Protocols.SoapHttpClientProtocol.Invoke(String methodName, Object[] parameters)
   at UpdateNewStaffList.com.chunwo.dms.Lists.UpdateListItems(String listName, XmlNode updates) in C:\Project\UpdateNewStaffList\UpdateNewStaffList\Web References\com.chunwo.dms\Reference.cs:line 619
   at UpdateNewStaffList.Class.AddSPItemList.AddNewStafflist(List`1 lstStaff) in C:\Project\UpdateNewStaffList\UpdateNewStaffList\Class\AddSPItemList.cs:line 67
22/6/2017 14:09: System.Net.WebException: The underlying connection was closed: An unexpected error occurred on a receive. ---> System.IO.IOException: Unable to read data from the transport connection: 遠端主機已強制關閉一個現存的連線。. ---> System.Net.Sockets.SocketException: 遠端主機已強制關閉一個現存的連線。
   at System.Net.Sockets.Socket.Receive(Byte[] buffer, Int32 offset, Int32 size, SocketFlags socketFlags)
   at System.Net.Sockets.NetworkStream.Read(Byte[] buffer, Int32 offset, Int32 size)
   --- End of inner exception stack trace ---
   at System.Net.Sockets.NetworkStream.Read(Byte[] buffer, Int32 offset, Int32 size)
   at System.Net.Connection.SyncRead(HttpWebRequest request, Boolean userRetrievedStream, Boolean probeRead)
   --- End of inner exception stack trace ---
   at System.Web.Services.Protocols.WebClientProtocol.GetWebResponse(WebRequest request)
   at System.Web.Services.Protocols.SoapHttpClientProtocol.Invoke(String methodName, Object[] parameters)
   at UpdateNewStaffList.com.chunwo.dms.Lists.UpdateListItems(String listName, XmlNode updates) in C:\Project\UpdateNewStaffList\UpdateNewStaffList\Web References\com.chunwo.dms\Reference.cs:line 619
   at UpdateNewStaffList.Class.AddSPItemList.AddNewStafflist(List`1 lstStaff) in C:\Project\UpdateNewStaffList\UpdateNewStaffList\Class\AddSPItemList.cs:line 67
